<?xml version="1.0" encoding="UTF-8"?>
<!-- Generated by org.testng.reporters.JUnitXMLReporter -->
<testsuite hostname="kanhai" ignored="0" name="Default test" tests="4" failures="0" timestamp="27 Jan 2020 22:56:04 GMT" time="5.646" errors="0">
  <testcase name="postTest" time="4.58" classname="com.restassured.api.tests.PostGetTest"/>
  <testcase name="commentTest" time="0.593" classname="com.restassured.api.tests.PostGetTest"/>
  <testcase name="getPostTest" time="0.214" classname="com.restassured.api.tests.PostGetTest"/>
  <testcase name="getCommentTest" time="0.178" classname="com.restassured.api.tests.PostGetTest"/>
</testsuite> <!-- Default test -->
